<?xml version="1.0" encoding="UTF-8" ?>
<testsuite tests="4" failures="0" name="com.ecomm.test.CategoryDAOTestCase" time="12.96" errors="0" skipped="3">
  <properties>
[...]
</properties>
  <testcase classname="com.ecomm.test.CategoryDAOTestCase" name="addCategoryTest" time="6.183">
    <skipped/>
    <system-out>---DataSource Object is Created---
---SessionFactory object is Created---
---Transaction Manager Object is Created---
</system-out>
    <system-err>Dec 06, 2018 9:15:07 PM org.springframework.context.support.AbstractApplicationContext prepareRefresh
INFO: Refreshing org.springframework.context.annotation.AnnotationConfigApplicationContext@d041cf: startup date [Thu Dec 06 21:15:07 IST 2018]; root of context hierarchy
Dec 06, 2018 9:15:09 PM org.springframework.jdbc.datasource.DriverManagerDataSource setDriverClassName
INFO: Loaded JDBC driver: org.h2.Driver
Dec 06, 2018 9:15:09 PM org.hibernate.Version logVersion
INFO: HHH000412: Hibernate Core {5.2.17.Final}
Dec 06, 2018 9:15:09 PM org.hibernate.cfg.Environment &lt;clinit&gt;
INFO: HHH000206: hibernate.properties not found
Dec 06, 2018 9:15:09 PM org.hibernate.annotations.common.reflection.java.JavaReflectionManager &lt;clinit&gt;
INFO: HCANN000001: Hibernate Commons Annotations {5.0.1.Final}
Dec 06, 2018 9:15:10 PM org.hibernate.dialect.Dialect &lt;init&gt;
INFO: HHH000400: Using dialect: org.hibernate.dialect.H2Dialect
Dec 06, 2018 9:15:12 PM org.springframework.orm.hibernate5.HibernateTransactionManager afterPropertiesSet
INFO: Using DataSource [org.springframework.jdbc.datasource.DriverManagerDataSource@c2f8d] of Hibernate SessionFactory for HibernateTransactionManager
</system-err>
  </testcase>
  <testcase classname="com.ecomm.test.CategoryDAOTestCase" name="deleteCategoryTest" time="6.183">
    <skipped/>
  </testcase>
  <testcase classname="com.ecomm.test.CategoryDAOTestCase" name="updateCategoryTest" time="0.297"/>
  <testcase classname="com.ecomm.test.CategoryDAOTestCase" name="listCategoriesTest" time="0.297">
    <skipped/>
  </testcase>
</testsuite>